<?xml version="1.0" encoding="UTF-8"?>
<TestRun id="c59eaa48-8fd3-401d-ac2c-f12b6384cd77" name="aschroed@IPG336167 2012-10-23 10:04:06" runUser="OIA\aschroed" xmlns="http://microsoft.com/schemas/VisualStudio/TeamTest/2010">
  <TestSettings name="Local" id="55eec13f-28db-4ad1-8efb-8bf6a9de2266">
    <Description>These are default test settings for a local test run.</Description>
    <Deployment enabled="false" runDeploymentRoot="aschroed_IPG336167 2012-10-23 10_04_06">
      <DeploymentItem filename="C:\Users\aschroed\Documents\Visual Studio 2010\Projects\VTIntegrate.Crypto\trunk\VTIntegrate.Crypto\VTIntegrate.CypherStoredProcedures\bin\Debug\VTIntegrate.CypherStoredProcedures.dll" />
    </Deployment>
    <Execution>
      <TestTypeSpecific />
      <AgentRule name="Execution Agents">
      </AgentRule>
    </Execution>
  </TestSettings>
  <Times creation="2012-10-23T10:04:06.8086576-04:00" queuing="2012-10-23T10:04:07.5147282-04:00" start="2012-10-23T10:04:07.5757343-04:00" finish="2012-10-23T10:04:08.1567924-04:00" />
  <ResultSummary outcome="Failed">
    <Counters total="1" executed="1" error="0" failed="1" timeout="0" aborted="0" inconclusive="0" passedButRunAborted="0" notRunnable="0" notExecuted="0" disconnected="0" warning="0" passed="0" completed="0" inProgress="0" pending="0" />
  </ResultSummary>
  <TestDefinitions>
    <UnitTest name="VT_Cypher_Person_NameTest2" storage="c:\users\aschroed\documents\visual studio 2010\projects\vtintegrate.crypto\trunk\vtintegrate.crypto\vtintegrate.cypherstoredprocedurestest\bin\debug\vtintegrate.cypherstoredprocedurestest.dll" id="3127b37a-ce2d-534d-a027-e39b381a081c">
      <Execution id="e2200028-56f9-46c3-8776-85a86ec46684" />
      <TestMethod codeBase="C:/Users/aschroed/Documents/Visual Studio 2010/Projects/VTIntegrate.Crypto/trunk/VTIntegrate.Crypto/VTIntegrate.CypherStoredProceduresTest/bin/Debug/VTIntegrate.CypherStoredProceduresTest.DLL" adapterTypeName="Microsoft.VisualStudio.TestTools.TestTypes.Unit.UnitTestAdapter, Microsoft.VisualStudio.QualityTools.Tips.UnitTest.Adapter, Version=10.0.0.0, Culture=neutral, PublicKeyToken=b03f5f7f11d50a3a" className="VTIntegrate.CypherStoredProceduresTest.UserDefinedFunctionsTest, VTIntegrate.CypherStoredProceduresTest, Version=1.0.0.0, Culture=neutral, PublicKeyToken=null" name="VT_Cypher_Person_NameTest2" />
    </UnitTest>
  </TestDefinitions>
  <TestLists>
    <TestList name="Results Not in a List" id="8c84fa94-04c1-424b-9868-57a2d4851a1d" />
    <TestList name="All Loaded Results" id="19431567-8539-422a-85d7-44ee4e166bda" />
  </TestLists>
  <TestEntries>
    <TestEntry testId="3127b37a-ce2d-534d-a027-e39b381a081c" executionId="e2200028-56f9-46c3-8776-85a86ec46684" testListId="8c84fa94-04c1-424b-9868-57a2d4851a1d" />
  </TestEntries>
  <Results>
    <UnitTestResult executionId="e2200028-56f9-46c3-8776-85a86ec46684" testId="3127b37a-ce2d-534d-a027-e39b381a081c" testName="VT_Cypher_Person_NameTest2" computerName="IPG336167" duration="00:00:00.1039121" startTime="2012-10-23T10:04:07.6297397-04:00" endTime="2012-10-23T10:04:08.1337901-04:00" testType="13cdc9d9-ddb5-4fa4-a97d-d965ccfc6d4b" outcome="Failed" testListId="8c84fa94-04c1-424b-9868-57a2d4851a1d" relativeResultsDirectory="e2200028-56f9-46c3-8776-85a86ec46684">
      <Output>
        <ErrorInfo>
          <Message>Test method VTIntegrate.CypherStoredProceduresTest.UserDefinedFunctionsTest.VT_Cypher_Person_NameTest2 threw exception: 
System.ArgumentException: message contained a character not found in the alphanum key</Message>
          <StackTrace>    at EDU.VT.IPG.VTIntegrate.SchroederPadAndChaff.UserDefinedFunctions.VT_Cypher_String(String key, String message) in C:\Users\aschroed\Documents\Visual Studio 2010\Projects\VTIntegrate.Crypto\trunk\VTIntegrate.Crypto\VTIntegrate.CypherStoredProcedures\VTCypherStoredFunctions.cs:line 67
   at EDU.VT.IPG.VTIntegrate.SchroederPadAndChaff.UserDefinedFunctions.VT_Cypher_Person_Name(String key, String personName) in C:\Users\aschroed\Documents\Visual Studio 2010\Projects\VTIntegrate.Crypto\trunk\VTIntegrate.Crypto\VTIntegrate.CypherStoredProcedures\VTCypherStoredFunctions.cs:line 45
   at VTIntegrate.CypherStoredProceduresTest.UserDefinedFunctionsTest.VT_Cypher_Person_NameTest2() in C:\Users\aschroed\Documents\Visual Studio 2010\Projects\VTIntegrate.Crypto\trunk\VTIntegrate.Crypto\VTIntegrate.CypherStoredProceduresTest\UserDefinedFunctionsTest.cs:line 100
</StackTrace>
        </ErrorInfo>
      </Output>
    </UnitTestResult>
  </Results>
</TestRun>